<?xml version="1.0" encoding="UTF-8"?>
<robot generator="Robot 6.0.1 (Python 3.11.0 on win32)" generated="20221124 11:32:27.932" rpa="false" schemaversion="3">
<suite id="s1" name="Test" source="C:\Projetos\Robot\teste_com_robot\test.robot">
<test id="s1-t1" name="Deve retornar mensagem de boas vindas" line="5">
<kw name="Welcome" library="app">
<var>${result}</var>
<arg>Fernando</arg>
<msg timestamp="20221124 11:32:27.993" level="INFO">${result} = Olá Fernando, bem vindo ao Curso básico de Robot Framework!</msg>
<status status="PASS" starttime="20221124 11:32:27.992" endtime="20221124 11:32:27.993"/>
</kw>
<kw name="Should Be Equal" library="BuiltIn">
<arg>${result}</arg>
<arg>Olá Fernando, bem vindo ao Curso básico de Robot Framework!</arg>
<doc>Fails if the given objects are unequal.</doc>
<status status="PASS" starttime="20221124 11:32:27.993" endtime="20221124 11:32:27.994"/>
</kw>
<status status="PASS" starttime="20221124 11:32:27.991" endtime="20221124 11:32:27.995"/>
</test>
<status status="PASS" starttime="20221124 11:32:27.932" endtime="20221124 11:32:27.997"/>
</suite>
<statistics>
<total>
<stat pass="1" fail="0" skip="0">All Tests</stat>
</total>
<tag>
</tag>
<suite>
<stat pass="1" fail="0" skip="0" id="s1" name="Test">Test</stat>
</suite>
</statistics>
<errors>
</errors>
</robot>
