<?xml version="1.0" encoding="UTF-8"?>
<robot generator="Robot 6.0.1 (Python 3.11.0 on win32)" generated="20221124 12:02:30.970" rpa="false" schemaversion="3">
<suite id="s1" name="Title" source="C:\Projetos\Robot\teste_com_robot\web\title.robot">
<test id="s1-t1" name="Should See Page Title" line="8">
<kw name="Open Browser" library="SeleniumLibrary">
<arg>https://training-wheels-protocol.herokuapp.com/</arg>
<arg>chrome</arg>
<doc>Opens a new browser instance to the optional ``url``.</doc>
<msg timestamp="20221124 12:02:31.392" level="INFO">Opening browser 'chrome' to base url 'https://training-wheels-protocol.herokuapp.com/'.</msg>
<status status="PASS" starttime="20221124 12:02:31.391" endtime="20221124 12:02:37.035"/>
</kw>
<kw name="Title Should Be" library="SeleniumLibrary">
<arg>Training Wheels Protocol</arg>
<doc>Verifies that the current page title equals ``title``.</doc>
<msg timestamp="20221124 12:02:37.048" level="INFO">Page title is 'Training Wheels Protocol'.</msg>
<status status="PASS" starttime="20221124 12:02:37.036" endtime="20221124 12:02:37.048"/>
</kw>
<status status="PASS" starttime="20221124 12:02:31.390" endtime="20221124 12:02:37.049"/>
</test>
<status status="PASS" starttime="20221124 12:02:30.975" endtime="20221124 12:02:37.055"/>
</suite>
<statistics>
<total>
<stat pass="1" fail="0" skip="0">All Tests</stat>
</total>
<tag>
</tag>
<suite>
<stat pass="1" fail="0" skip="0" id="s1" name="Title">Title</stat>
</suite>
</statistics>
<errors>
</errors>
</robot>
